<?xml version="1.0" encoding="UTF-8"?>
<testng-results skipped="0" failed="0" ignored="0" total="2" passed="2">
  <reporter-output>
  </reporter-output>
  <suite name="Account related Suite" duration-ms="77892" started-at="2021-05-23T19:28:35 CST" finished-at="2021-05-23T19:29:53 CST">
    <groups>
    </groups>
    <test name="Login Functionality Chrome" duration-ms="34972" started-at="2021-05-23T19:28:35 CST" finished-at="2021-05-23T19:29:10 CST">
      <class name="AddToCart">
        <test-method status="PASS" signature="setupTest()[pri:0, instance:AddToCart@72a85671]" name="setupTest" is-config="true" duration-ms="2611" started-at="2021-05-23T19:28:35 CST" finished-at="2021-05-23T19:28:38 CST">
          <reporter-output>
          </reporter-output>
        </test-method> <!-- setupTest -->
        <test-method status="PASS" signature="setupMethod(java.lang.String)[pri:0, instance:AddToCart@72a85671]" name="setupMethod" is-config="true" duration-ms="14339" started-at="2021-05-23T19:28:39 CST" finished-at="2021-05-23T19:28:53 CST">
          <params>
            <param index="0">
              <value>
                <![CDATA[chrome]]>
              </value>
            </param>
          </params>
          <reporter-output>
          </reporter-output>
        </test-method> <!-- setupMethod -->
        <test-method status="PASS" signature="AddToCart(Pojo.AddToCartItem)[pri:0, instance:AddToCart@72a85671]" name="AddToCart" duration-ms="13446" started-at="2021-05-23T19:28:54 CST" description="Test Add item to cart" data-provider="getAddToCartDataFromJson" finished-at="2021-05-23T19:29:08 CST">
          <params>
            <param index="0">
              <value>
                <![CDATA[Pojo.AddToCartItem@182e7eda]]>
              </value>
            </param>
          </params>
          <reporter-output>
          </reporter-output>
        </test-method> <!-- AddToCart -->
        <test-method status="PASS" signature="teardownMethod()[pri:0, instance:AddToCart@72a85671]" name="teardownMethod" is-config="true" duration-ms="1896" started-at="2021-05-23T19:29:08 CST" finished-at="2021-05-23T19:29:10 CST">
          <reporter-output>
          </reporter-output>
        </test-method> <!-- teardownMethod -->
      </class> <!-- AddToCart -->
    </test> <!-- Login Functionality Chrome -->
    <test name="Login Functionality Firefox" duration-ms="42803" started-at="2021-05-23T19:29:10 CST" finished-at="2021-05-23T19:29:53 CST">
      <class name="AddToCart">
        <test-method status="PASS" signature="setupTest()[pri:0, instance:AddToCart@592e843a]" name="setupTest" is-config="true" duration-ms="269" started-at="2021-05-23T19:29:10 CST" finished-at="2021-05-23T19:29:10 CST">
          <reporter-output>
          </reporter-output>
        </test-method> <!-- setupTest -->
        <test-method status="PASS" signature="setupMethod(java.lang.String)[pri:0, instance:AddToCart@592e843a]" name="setupMethod" is-config="true" duration-ms="24397" started-at="2021-05-23T19:29:10 CST" finished-at="2021-05-23T19:29:35 CST">
          <params>
            <param index="0">
              <value>
                <![CDATA[firefox]]>
              </value>
            </param>
          </params>
          <reporter-output>
          </reporter-output>
        </test-method> <!-- setupMethod -->
        <test-method status="PASS" signature="AddToCart(Pojo.AddToCartItem)[pri:0, instance:AddToCart@592e843a]" name="AddToCart" duration-ms="13383" started-at="2021-05-23T19:29:35 CST" description="Test Add item to cart" data-provider="getAddToCartDataFromJson" finished-at="2021-05-23T19:29:48 CST">
          <params>
            <param index="0">
              <value>
                <![CDATA[Pojo.AddToCartItem@6897a4a]]>
              </value>
            </param>
          </params>
          <reporter-output>
          </reporter-output>
        </test-method> <!-- AddToCart -->
        <test-method status="PASS" signature="teardownMethod()[pri:0, instance:AddToCart@592e843a]" name="teardownMethod" is-config="true" duration-ms="4692" started-at="2021-05-23T19:29:48 CST" finished-at="2021-05-23T19:29:53 CST">
          <reporter-output>
          </reporter-output>
        </test-method> <!-- teardownMethod -->
      </class> <!-- AddToCart -->
    </test> <!-- Login Functionality Firefox -->
  </suite> <!-- Account related Suite -->
</testng-results>
