<?xml version="1.0" encoding="UTF-8"?>
<testng-results skipped="0" failed="0" ignored="0" total="4" passed="4">
  <reporter-output>
  </reporter-output>
  <suite name="Account related Suite" duration-ms="241055" started-at="2021-04-12T14:06:52 CST" finished-at="2021-04-12T14:10:53 CST">
    <groups>
    </groups>
    <test name="Login Functionality Chrome" duration-ms="100578" started-at="2021-04-12T14:06:52 CST" finished-at="2021-04-12T14:08:32 CST">
      <class name="pricesComparator">
        <test-method status="PASS" signature="setupTest()[pri:0, instance:pricesComparator@24fb6a80]" name="setupTest" is-config="true" duration-ms="4135" started-at="2021-04-12T14:06:52 CST" finished-at="2021-04-12T14:06:56 CST">
          <reporter-output>
          </reporter-output>
        </test-method> <!-- setupTest -->
        <test-method status="PASS" signature="setupMethod(java.lang.String)[pri:0, instance:pricesComparator@24fb6a80]" name="setupMethod" is-config="true" duration-ms="12991" started-at="2021-04-12T14:06:58 CST" finished-at="2021-04-12T14:07:11 CST">
          <params>
            <param index="0">
              <value>
                <![CDATA[chrome]]>
              </value>
            </param>
          </params>
          <reporter-output>
          </reporter-output>
        </test-method> <!-- setupMethod -->
        <test-method status="PASS" signature="pricesComparatorTest(Pojo.Prices)[pri:0, instance:pricesComparator@24fb6a80]" name="pricesComparatorTest" duration-ms="25112" started-at="2021-04-12T14:07:14 CST" description="Test Prices comparator by ID" data-provider="getPricesDataFromJson" finished-at="2021-04-12T14:07:39 CST">
          <params>
            <param index="0">
              <value>
                <![CDATA[Pojo.Prices@5ba90d8a]]>
              </value>
            </param>
          </params>
          <reporter-output>
          </reporter-output>
        </test-method> <!-- pricesComparatorTest -->
        <test-method status="PASS" signature="teardownMethod()[pri:0, instance:pricesComparator@24fb6a80]" name="teardownMethod" is-config="true" duration-ms="6385" started-at="2021-04-12T14:07:39 CST" finished-at="2021-04-12T14:07:45 CST">
          <reporter-output>
          </reporter-output>
        </test-method> <!-- teardownMethod -->
        <test-method status="PASS" signature="setupMethod(java.lang.String)[pri:0, instance:pricesComparator@24fb6a80]" name="setupMethod" is-config="true" duration-ms="14659" started-at="2021-04-12T14:07:45 CST" finished-at="2021-04-12T14:08:00 CST">
          <params>
            <param index="0">
              <value>
                <![CDATA[chrome]]>
              </value>
            </param>
          </params>
          <reporter-output>
          </reporter-output>
        </test-method> <!-- setupMethod -->
        <test-method status="PASS" signature="pricesComparatorTest(Pojo.Prices)[pri:0, instance:pricesComparator@24fb6a80]" name="pricesComparatorTest" duration-ms="28353" started-at="2021-04-12T14:08:00 CST" description="Test Prices comparator by ID" data-provider="getPricesDataFromJson" finished-at="2021-04-12T14:08:28 CST">
          <params>
            <param index="0">
              <value>
                <![CDATA[Pojo.Prices@5a090f62]]>
              </value>
            </param>
          </params>
          <reporter-output>
          </reporter-output>
        </test-method> <!-- pricesComparatorTest -->
        <test-method status="PASS" signature="teardownMethod()[pri:0, instance:pricesComparator@24fb6a80]" name="teardownMethod" is-config="true" duration-ms="3884" started-at="2021-04-12T14:08:28 CST" finished-at="2021-04-12T14:08:32 CST">
          <reporter-output>
          </reporter-output>
        </test-method> <!-- teardownMethod -->
      </class> <!-- pricesComparator -->
    </test> <!-- Login Functionality Chrome -->
    <test name="Login Functionality Firefox" duration-ms="140179" started-at="2021-04-12T14:08:33 CST" finished-at="2021-04-12T14:10:53 CST">
      <class name="pricesComparator">
        <test-method status="PASS" signature="setupTest()[pri:0, instance:pricesComparator@7e242b4d]" name="setupTest" is-config="true" duration-ms="315" started-at="2021-04-12T14:08:33 CST" finished-at="2021-04-12T14:08:33 CST">
          <reporter-output>
          </reporter-output>
        </test-method> <!-- setupTest -->
        <test-method status="PASS" signature="setupMethod(java.lang.String)[pri:0, instance:pricesComparator@7e242b4d]" name="setupMethod" is-config="true" duration-ms="38604" started-at="2021-04-12T14:08:33 CST" finished-at="2021-04-12T14:09:12 CST">
          <params>
            <param index="0">
              <value>
                <![CDATA[firefox]]>
              </value>
            </param>
          </params>
          <reporter-output>
          </reporter-output>
        </test-method> <!-- setupMethod -->
        <test-method status="PASS" signature="pricesComparatorTest(Pojo.Prices)[pri:0, instance:pricesComparator@7e242b4d]" name="pricesComparatorTest" duration-ms="22436" started-at="2021-04-12T14:09:12 CST" description="Test Prices comparator by ID" data-provider="getPricesDataFromJson" finished-at="2021-04-12T14:09:34 CST">
          <params>
            <param index="0">
              <value>
                <![CDATA[Pojo.Prices@3c18942]]>
              </value>
            </param>
          </params>
          <reporter-output>
          </reporter-output>
        </test-method> <!-- pricesComparatorTest -->
        <test-method status="PASS" signature="teardownMethod()[pri:0, instance:pricesComparator@7e242b4d]" name="teardownMethod" is-config="true" duration-ms="8800" started-at="2021-04-12T14:09:34 CST" finished-at="2021-04-12T14:09:43 CST">
          <reporter-output>
          </reporter-output>
        </test-method> <!-- teardownMethod -->
        <test-method status="PASS" signature="setupMethod(java.lang.String)[pri:0, instance:pricesComparator@7e242b4d]" name="setupMethod" is-config="true" duration-ms="37176" started-at="2021-04-12T14:09:43 CST" finished-at="2021-04-12T14:10:20 CST">
          <params>
            <param index="0">
              <value>
                <![CDATA[firefox]]>
              </value>
            </param>
          </params>
          <reporter-output>
          </reporter-output>
        </test-method> <!-- setupMethod -->
        <test-method status="PASS" signature="pricesComparatorTest(Pojo.Prices)[pri:0, instance:pricesComparator@7e242b4d]" name="pricesComparatorTest" duration-ms="24276" started-at="2021-04-12T14:10:20 CST" description="Test Prices comparator by ID" data-provider="getPricesDataFromJson" finished-at="2021-04-12T14:10:44 CST">
          <params>
            <param index="0">
              <value>
                <![CDATA[Pojo.Prices@2d70f312]]>
              </value>
            </param>
          </params>
          <reporter-output>
          </reporter-output>
        </test-method> <!-- pricesComparatorTest -->
        <test-method status="PASS" signature="teardownMethod()[pri:0, instance:pricesComparator@7e242b4d]" name="teardownMethod" is-config="true" duration-ms="8478" started-at="2021-04-12T14:10:44 CST" finished-at="2021-04-12T14:10:53 CST">
          <reporter-output>
          </reporter-output>
        </test-method> <!-- teardownMethod -->
      </class> <!-- pricesComparator -->
    </test> <!-- Login Functionality Firefox -->
  </suite> <!-- Account related Suite -->
</testng-results>
